<?xml version="1.0" encoding="UTF-8"?>
<!-- Generated by org.testng.reporters.JUnitReportReporter -->
<testsuite hostname="Ahmeds-Air" failures="0" tests="1" name="search.TestAllTheFeatures" time="24.158" errors="0" timestamp="01 Mar 2021 02:38:42 GMT" skipped="0">
  <testcase classname="search.TestAllTheFeatures" name="bestSellers" time="24.158"/>
</testsuite> <!-- search.TestAllTheFeatures -->
