<?xml version="1.0" encoding="UTF-8"?>
<!-- Generated by org.testng.reporters.JUnitReportReporter -->
<testsuite hostname="Ahmeds-Air" failures="0" tests="1" name="search.DropDownMenu" time="13.790" errors="0" timestamp="01 Mar 2021 02:32:16 GMT" skipped="0">
  <testcase classname="search.DropDownMenu" name="dropDown" time="13.790"/>
</testsuite> <!-- search.DropDownMenu -->
