<?xml version="1.0" encoding="UTF-8"?>
<!-- Generated by org.testng.reporters.JUnitReportReporter -->
<testsuite hostname="Ahmeds-Air" failures="0" tests="1" name="search.TestSearch" time="21.844" errors="0" timestamp="30 Jan 2021 02:12:50 GMT" skipped="0">
  <testcase classname="search.TestSearch" name="test1" time="21.844"/>
</testsuite> <!-- search.TestSearch -->
