<?xml version="1.0" encoding="UTF-8"?>
<!-- Generated by org.testng.reporters.JUnitReportReporter -->
<testsuite hostname="Ahmeds-Air" failures="0" tests="1" name="testTableData.TestWebTableData" time="12.605" errors="0" timestamp="16 Jan 2021 14:02:14 GMT" skipped="0">
  <testcase classname="testTableData.TestWebTableData" name="readWebText" time="12.605"/>
</testsuite> <!-- testTableData.TestWebTableData -->
